d:\documentos\github\finalapplidar\finalapplidar\debug\vc140.pdb
d:\documentos\github\finalapplidar\finalapplidar\debug\punto3d.obj
d:\documentos\github\finalapplidar\finalapplidar\debug\postproceso.obj
d:\documentos\github\finalapplidar\finalapplidar\debug\opengl.obj
d:\documentos\github\finalapplidar\finalapplidar\debug\obstaculo.obj
d:\documentos\github\finalapplidar\finalapplidar\debug\main.obj
d:\documentos\github\finalapplidar\finalapplidar\debug\reader.obj
d:\documentos\github\finalapplidar\finalapplidar\debug\dataanalisys.obj
d:\documentos\github\finalapplidar\finalapplidar\debug\controller.obj
d:\documentos\github\finalapplidar\finalapplidar\debug\.netframework,version=v4.5.2.assemblyattributes.obj
d:\documentos\github\finalapplidar\finalapplidar\debug\.netframework,version=v4.5.2.assemblyattributes.asm
d:\documentos\github\finalapplidar\finalapplidar\debug\finalapplidar.main.resources
d:\documentos\github\finalapplidar\debug\finalapplidar.exe
d:\documentos\github\finalapplidar\debug\finalapplidar.pdb
d:\documentos\github\finalapplidar\finalapplidar\debug\finalapplidar.vcxproj.generateresource.cache
d:\documentos\github\finalapplidar\finalapplidar\debug\finalapplidar.vcxprojresolveassemblyreference.cache
d:\documentos\github\finalapplidar\finalapplidar\debug\finalapplidar.tlog\cl.command.1.tlog
d:\documentos\github\finalapplidar\finalapplidar\debug\finalapplidar.tlog\cl.read.1.tlog
d:\documentos\github\finalapplidar\finalapplidar\debug\finalapplidar.tlog\cl.write.1.tlog
d:\documentos\github\finalapplidar\finalapplidar\debug\finalapplidar.tlog\finalapplidar.write.1u.tlog
d:\documentos\github\finalapplidar\finalapplidar\debug\finalapplidar.tlog\link.command.1.tlog
d:\documentos\github\finalapplidar\finalapplidar\debug\finalapplidar.tlog\link.read.1.tlog
d:\documentos\github\finalapplidar\finalapplidar\debug\finalapplidar.tlog\link.write.1.tlog
d:\documentos\github\finalapplidar\finalapplidar\debug\finalapplidar.tlog\metagen.read.1.tlog
d:\documentos\github\finalapplidar\finalapplidar\debug\finalapplidar.tlog\metagen.write.1.tlog
d:\documentos\github\finalapplidar\finalapplidar\debug\finalapplidar.tlog\tzres.dll.bi
